d:\code\everquest\eqgame_inject_dll\eqgame_inject_dll\release\eqgame_inject_dll.obj
d:\code\everquest\eqgame_inject_dll\eqgame_inject_dll\release\vc110.pdb
d:\code\everquest\eqgame_inject_dll\release\eqgame_inject_dll.exe
d:\code\everquest\eqgame_inject_dll\release\eqgame_inject_dll.pdb
d:\code\everquest\eqgame_inject_dll\eqgame_inject_dll\release\vc120.pdb
d:\code\everquest\eqgame_inject_dll\eqgame_inject_dll\release\main.obj
d:\code\everquest\eqgame_inject_dll\eqgame_inject_dll\release\cl.command.1.tlog
d:\code\everquest\eqgame_inject_dll\eqgame_inject_dll\release\cl.read.1.tlog
d:\code\everquest\eqgame_inject_dll\eqgame_inject_dll\release\cl.write.1.tlog
d:\code\everquest\eqgame_inject_dll\eqgame_inject_dll\release\link-cvtres.read.1.tlog
d:\code\everquest\eqgame_inject_dll\eqgame_inject_dll\release\link-cvtres.write.1.tlog
d:\code\everquest\eqgame_inject_dll\eqgame_inject_dll\release\link-rc.read.1.tlog
d:\code\everquest\eqgame_inject_dll\eqgame_inject_dll\release\link-rc.write.1.tlog
d:\code\everquest\eqgame_inject_dll\eqgame_inject_dll\release\link.command.1.tlog
d:\code\everquest\eqgame_inject_dll\eqgame_inject_dll\release\link.read.1.tlog
d:\code\everquest\eqgame_inject_dll\eqgame_inject_dll\release\link.write.1.tlog
d:\code\everquest\eqgame_inject_dll\eqgame_inject_dll\release\eqgame_i.e0bc7363.tlog\cl.command.1.tlog
d:\code\everquest\eqgame_inject_dll\eqgame_inject_dll\release\eqgame_i.e0bc7363.tlog\cl.read.1.tlog
d:\code\everquest\eqgame_inject_dll\eqgame_inject_dll\release\eqgame_i.e0bc7363.tlog\cl.write.1.tlog
d:\code\everquest\eqgame_inject_dll\eqgame_inject_dll\release\eqgame_i.e0bc7363.tlog\link.command.1.tlog
d:\code\everquest\eqgame_inject_dll\eqgame_inject_dll\release\eqgame_i.e0bc7363.tlog\link.read.1.tlog
d:\code\everquest\eqgame_inject_dll\eqgame_inject_dll\release\eqgame_i.e0bc7363.tlog\link.write.1.tlog
